D:\STUDIA\MGR\AIM\PROJEKT\AIM\AIM\RELEASE\MAIN.OBJ
D:\STUDIA\MGR\AIM\PROJEKT\AIM\AIM\RELEASE\MOC_AIM.OBJ
D:\STUDIA\MGR\AIM\PROJEKT\AIM\AIM\RELEASE\AIM.OBJ
D:\STUDIA\MGR\AIM\PROJEKT\AIM\AIM\RELEASE\DOMINANTCOLOR.OBJ
D:\STUDIA\MGR\AIM\PROJEKT\AIM\AIM\RELEASE\DATABASEMANAGER.OBJ
D:\STUDIA\MGR\AIM\PROJEKT\AIM\AIM\RELEASE\QRC_AIM.OBJ
D:\STUDIA\MGR\AIM\PROJEKT\AIM\AIM\GENERATEDFILES\RELEASE\MOC_AIM.CPP
D:\STUDIA\MGR\AIM\PROJEKT\AIM\AIM\GENERATEDFILES\UI_AIM.H
D:\STUDIA\MGR\AIM\PROJEKT\AIM\AIM\GENERATEDFILES\QRC_AIM.CPP
D:\STUDIA\MGR\AIM\PROJEKT\AIM\WIN32\RELEASE\AIM.EXE
D:\studia\MGR\AIM\projekt\AIM\AIM\Release\aim.obj
D:\studia\MGR\AIM\projekt\AIM\AIM\Release\DatabaseManager.obj
D:\studia\MGR\AIM\projekt\AIM\AIM\Release\DominantColor.obj
D:\studia\MGR\AIM\projekt\AIM\AIM\Release\main.obj
D:\studia\MGR\AIM\projekt\AIM\AIM\Release\moc_aim.obj
D:\studia\MGR\AIM\projekt\AIM\AIM\Release\qrc_aim.obj
D:\studia\MGR\AIM\projekt\AIM\AIM\Release\cl.command.1.tlog
D:\studia\MGR\AIM\projekt\AIM\AIM\Release\CL.read.1.tlog
D:\studia\MGR\AIM\projekt\AIM\AIM\Release\CL.write.1.tlog
D:\studia\MGR\AIM\projekt\AIM\AIM\Release\custombuild.command.1.tlog
D:\studia\MGR\AIM\projekt\AIM\AIM\Release\custombuild.read.1.tlog
D:\studia\MGR\AIM\projekt\AIM\AIM\Release\custombuild.write.1.tlog
D:\studia\MGR\AIM\projekt\AIM\AIM\Release\link-cvtres.read.1.tlog
D:\studia\MGR\AIM\projekt\AIM\AIM\Release\link-cvtres.write.1.tlog
D:\studia\MGR\AIM\projekt\AIM\AIM\Release\link-rc.read.1.tlog
D:\studia\MGR\AIM\projekt\AIM\AIM\Release\link-rc.write.1.tlog
D:\studia\MGR\AIM\projekt\AIM\AIM\Release\link.command.1.tlog
D:\studia\MGR\AIM\projekt\AIM\AIM\Release\link.read.1.tlog
D:\studia\MGR\AIM\projekt\AIM\AIM\Release\link.write.1.tlog
D:\studia\MGR\AIM\projekt\AIM\Win32\Release\AIM.exe
